[debug] [2022-04-19T07:00:24.724Z] ----------------------------------------------------------------------
[debug] [2022-04-19T07:00:24.726Z] Command:       C:\Program Files\nodejs\node.exe C:\Users\Neuer Benutzer\AppData\Roaming\npm\node_modules\firebase-tools\lib\bin\firebase.js init
[debug] [2022-04-19T07:00:24.726Z] CLI Version:   10.6.0
[debug] [2022-04-19T07:00:24.726Z] Platform:      win32
[debug] [2022-04-19T07:00:24.726Z] Node Version:  v17.4.0
[debug] [2022-04-19T07:00:24.727Z] Time:          Tue Apr 19 2022 09:00:24 GMT+0200 (Mitteleuropäische Sommerzeit)
[debug] [2022-04-19T07:00:24.727Z] ----------------------------------------------------------------------
[debug] 
[debug] [2022-04-19T07:00:24.735Z] > command requires scopes: ["email","openid","https://www.googleapis.com/auth/cloudplatformprojects.readonly","https://www.googleapis.com/auth/firebase","https://www.googleapis.com/auth/cloud-platform"]
[debug] [2022-04-19T07:00:24.735Z] > authorizing via signed-in user (ilyas.kuba.attila@gmail.com)
[info] 
     ######## #### ########  ######## ########     ###     ######  ########
     ##        ##  ##     ## ##       ##     ##  ##   ##  ##       ##
     ######    ##  ########  ######   ########  #########  ######  ######
     ##        ##  ##    ##  ##       ##     ## ##     ##       ## ##
     ##       #### ##     ## ######## ########  ##     ##  ######  ########

You're about to initialize a Firebase project in this directory:

  C:\Users\Neuer Benutzer\Desktop\Projekt

[info] 
=== Project Setup
[info] 
[info] First, let's associate this project directory with a Firebase project.
[info] You can create multiple project aliases by running firebase use --add, 
[info] but for now we'll just set up a default project.
[info] 
